<?xml version="1.0" encoding="UTF-8"?>
<coverage generated="1629094171287" clover="3.2.0">
  <project timestamp="1629094171287" name="All files">
    <metrics statements="56" coveredstatements="54" conditionals="26" coveredconditionals="20" methods="10" coveredmethods="9" elements="92" coveredelements="83" complexity="0" loc="56" ncloc="56" packages="1" files="1" classes="1"/>
    <file name="jops.js" path="C:\Users\alide\OneDrive\桌面\livehd\jops\jops.js">
      <metrics statements="56" coveredstatements="54" conditionals="26" coveredconditionals="20" methods="10" coveredmethods="9"/>
      <line num="12" count="236" type="stmt"/>
      <line num="14" count="236" type="stmt"/>
      <line num="18" count="9" type="stmt"/>
      <line num="25" count="17" type="stmt"/>
      <line num="26" count="17" type="stmt"/>
      <line num="27" count="17" type="stmt"/>
      <line num="28" count="17" type="stmt"/>
      <line num="29" count="17" type="stmt"/>
      <line num="33" count="17" type="cond" truecount="2" falsecount="0"/>
      <line num="34" count="4" type="cond" truecount="2" falsecount="0"/>
      <line num="35" count="1" type="stmt"/>
      <line num="36" count="1" type="stmt"/>
      <line num="37" count="1" type="stmt"/>
      <line num="39" count="3" type="stmt"/>
      <line num="40" count="3" type="stmt"/>
      <line num="41" count="3" type="stmt"/>
      <line num="47" count="16" type="cond" truecount="2" falsecount="0"/>
      <line num="48" count="16" type="stmt"/>
      <line num="49" count="16" type="stmt"/>
      <line num="53" count="13" type="stmt"/>
      <line num="54" count="13" type="stmt"/>
      <line num="55" count="13" type="stmt"/>
      <line num="56" count="13" type="stmt"/>
      <line num="57" count="13" type="stmt"/>
      <line num="63" count="9" type="cond" truecount="1" falsecount="1"/>
      <line num="64" count="0" type="stmt"/>
      <line num="67" count="9" type="stmt"/>
      <line num="69" count="9" type="stmt"/>
      <line num="70" count="9" type="stmt"/>
      <line num="71" count="9" type="stmt"/>
      <line num="74" count="9" type="cond" truecount="3" falsecount="1"/>
      <line num="75" count="9" type="stmt"/>
      <line num="76" count="9" type="cond" truecount="3" falsecount="1"/>
      <line num="77" count="9" type="stmt"/>
      <line num="78" count="9" type="stmt"/>
      <line num="80" count="9" type="cond" truecount="1" falsecount="1"/>
      <line num="81" count="9" type="stmt"/>
      <line num="82" count="9" type="stmt"/>
      <line num="87" count="9" type="stmt"/>
      <line num="88" count="9" type="stmt"/>
      <line num="90" count="9" type="stmt"/>
      <line num="91" count="258" type="cond" truecount="2" falsecount="0"/>
      <line num="92" count="22" type="stmt"/>
      <line num="94" count="236" type="stmt"/>
      <line num="96" count="236" type="stmt"/>
      <line num="99" count="9" type="stmt"/>
      <line num="104" count="4" type="stmt"/>
      <line num="105" count="4" type="stmt"/>
      <line num="111" count="4" type="stmt"/>
      <line num="112" count="4" type="stmt"/>
      <line num="115" count="0" type="stmt"/>
      <line num="122" count="2" type="stmt"/>
      <line num="123" count="2" type="stmt"/>
      <line num="124" count="2" type="stmt"/>
      <line num="125" count="2" type="stmt"/>
      <line num="126" count="2" type="stmt"/>
    </file>
  </project>
</coverage>
