{"C:\\Users\\alide\\OneDrive\\桌面\\livehd\\jops\\jops.js": {"path":"C:\\Users\\alide\\OneDrive\\桌面\\livehd\\jops\\jops.js","statementMap":{"0":{"start":{"line":10,"column":23},"end":{"line":10,"column":68}},"1":{"start":{"line":12,"column":2},"end":{"line":12,"column":30}},"2":{"start":{"line":16,"column":2},"end":{"line":16,"column":27}},"3":{"start":{"line":23,"column":4},"end":{"line":23,"column":24}},"4":{"start":{"line":24,"column":4},"end":{"line":24,"column":37}},"5":{"start":{"line":25,"column":4},"end":{"line":25,"column":21}},"6":{"start":{"line":26,"column":4},"end":{"line":26,"column":19}},"7":{"start":{"line":27,"column":4},"end":{"line":27,"column":22}},"8":{"start":{"line":31,"column":4},"end":{"line":41,"column":5}},"9":{"start":{"line":32,"column":6},"end":{"line":40,"column":7}},"10":{"start":{"line":33,"column":8},"end":{"line":33,"column":34}},"11":{"start":{"line":34,"column":8},"end":{"line":34,"column":22}},"12":{"start":{"line":35,"column":8},"end":{"line":35,"column":21}},"13":{"start":{"line":37,"column":8},"end":{"line":37,"column":34}},"14":{"start":{"line":38,"column":8},"end":{"line":38,"column":31}},"15":{"start":{"line":39,"column":8},"end":{"line":39,"column":51}},"16":{"start":{"line":45,"column":19},"end":{"line":45,"column":69}},"17":{"start":{"line":46,"column":25},"end":{"line":46,"column":41}},"18":{"start":{"line":47,"column":6},"end":{"line":47,"column":30}},"19":{"start":{"line":48,"column":6},"end":{"line":48,"column":35}},"20":{"start":{"line":52,"column":20},"end":{"line":52,"column":32}},"21":{"start":{"line":53,"column":6},"end":{"line":53,"column":40}},"22":{"start":{"line":54,"column":6},"end":{"line":54,"column":24}},"23":{"start":{"line":55,"column":6},"end":{"line":55,"column":22}},"24":{"start":{"line":56,"column":6},"end":{"line":56,"column":19}},"25":{"start":{"line":62,"column":6},"end":{"line":64,"column":7}},"26":{"start":{"line":63,"column":8},"end":{"line":63,"column":43}},"27":{"start":{"line":66,"column":18},"end":{"line":66,"column":42}},"28":{"start":{"line":68,"column":23},"end":{"line":68,"column":24}},"29":{"start":{"line":69,"column":23},"end":{"line":69,"column":25}},"30":{"start":{"line":70,"column":21},"end":{"line":70,"column":26}},"31":{"start":{"line":73,"column":6},"end":{"line":84,"column":7}},"32":{"start":{"line":74,"column":8},"end":{"line":74,"column":24}},"33":{"start":{"line":75,"column":8},"end":{"line":83,"column":9}},"34":{"start":{"line":76,"column":10},"end":{"line":76,"column":26}},"35":{"start":{"line":77,"column":25},"end":{"line":77,"column":40}},"36":{"start":{"line":79,"column":10},"end":{"line":82,"column":11}},"37":{"start":{"line":80,"column":12},"end":{"line":80,"column":28}},"38":{"start":{"line":81,"column":12},"end":{"line":81,"column":28}},"39":{"start":{"line":86,"column":16},"end":{"line":86,"column":25}},"40":{"start":{"line":87,"column":21},"end":{"line":87,"column":24}},"41":{"start":{"line":88,"column":6},"end":{"line":95,"column":7}},"42":{"start":{"line":88,"column":19},"end":{"line":88,"column":31}},"43":{"start":{"line":89,"column":8},"end":{"line":91,"column":9}},"44":{"start":{"line":90,"column":10},"end":{"line":90,"column":19}},"45":{"start":{"line":92,"column":8},"end":{"line":92,"column":23}},"46":{"start":{"line":94,"column":8},"end":{"line":94,"column":91}},"47":{"start":{"line":97,"column":6},"end":{"line":97,"column":70}},"48":{"start":{"line":102,"column":19},"end":{"line":102,"column":23}},"49":{"start":{"line":103,"column":6},"end":{"line":103,"column":71}},"50":{"start":{"line":109,"column":18},"end":{"line":109,"column":43}},"51":{"start":{"line":110,"column":6},"end":{"line":110,"column":70}},"52":{"start":{"line":113,"column":6},"end":{"line":113,"column":26}},"53":{"start":{"line":127,"column":14},"end":{"line":127,"column":39}},"54":{"start":{"line":128,"column":15},"end":{"line":128,"column":40}},"55":{"start":{"line":129,"column":15},"end":{"line":129,"column":39}},"56":{"start":{"line":130,"column":0},"end":{"line":130,"column":34}},"57":{"start":{"line":131,"column":0},"end":{"line":131,"column":24}}},"fnMap":{"0":{"name":"BigIntnumberConversion","decl":{"start":{"line":9,"column":9},"end":{"line":9,"column":31}},"loc":{"start":{"line":9,"column":76},"end":{"line":13,"column":1}},"line":9},"1":{"name":"isDigit","decl":{"start":{"line":15,"column":9},"end":{"line":15,"column":16}},"loc":{"start":{"line":15,"column":21},"end":{"line":17,"column":1}},"line":15},"2":{"name":"(anonymous_2)","decl":{"start":{"line":22,"column":2},"end":{"line":22,"column":3}},"loc":{"start":{"line":22,"column":63},"end":{"line":28,"column":3}},"line":22},"3":{"name":"(anonymous_3)","decl":{"start":{"line":30,"column":2},"end":{"line":30,"column":3}},"loc":{"start":{"line":30,"column":15},"end":{"line":42,"column":3}},"line":30},"4":{"name":"(anonymous_4)","decl":{"start":{"line":44,"column":4},"end":{"line":44,"column":5}},"loc":{"start":{"line":44,"column":33},"end":{"line":49,"column":5}},"line":44},"5":{"name":"(anonymous_5)","decl":{"start":{"line":51,"column":4},"end":{"line":51,"column":5}},"loc":{"start":{"line":51,"column":47},"end":{"line":57,"column":5}},"line":51},"6":{"name":"(anonymous_6)","decl":{"start":{"line":60,"column":4},"end":{"line":60,"column":5}},"loc":{"start":{"line":60,"column":35},"end":{"line":98,"column":5}},"line":60},"7":{"name":"(anonymous_7)","decl":{"start":{"line":101,"column":4},"end":{"line":101,"column":5}},"loc":{"start":{"line":101,"column":16},"end":{"line":104,"column":5}},"line":101},"8":{"name":"(anonymous_8)","decl":{"start":{"line":108,"column":4},"end":{"line":108,"column":5}},"loc":{"start":{"line":108,"column":24},"end":{"line":111,"column":5}},"line":108},"9":{"name":"(anonymous_9)","decl":{"start":{"line":112,"column":4},"end":{"line":112,"column":5}},"loc":{"start":{"line":112,"column":15},"end":{"line":114,"column":5}},"line":112}},"branchMap":{"0":{"loc":{"start":{"line":9,"column":32},"end":{"line":9,"column":44}},"type":"default-arg","locations":[{"start":{"line":9,"column":41},"end":{"line":9,"column":44}}],"line":9},"1":{"loc":{"start":{"line":9,"column":46},"end":{"line":9,"column":60}},"type":"default-arg","locations":[{"start":{"line":9,"column":58},"end":{"line":9,"column":60}}],"line":9},"2":{"loc":{"start":{"line":9,"column":62},"end":{"line":9,"column":74}},"type":"default-arg","locations":[{"start":{"line":9,"column":72},"end":{"line":9,"column":74}}],"line":9},"3":{"loc":{"start":{"line":22,"column":22},"end":{"line":22,"column":42}},"type":"default-arg","locations":[{"start":{"line":22,"column":37},"end":{"line":22,"column":42}}],"line":22},"4":{"loc":{"start":{"line":22,"column":44},"end":{"line":22,"column":52}},"type":"default-arg","locations":[{"start":{"line":22,"column":51},"end":{"line":22,"column":52}}],"line":22},"5":{"loc":{"start":{"line":22,"column":54},"end":{"line":22,"column":61}},"type":"default-arg","locations":[{"start":{"line":22,"column":60},"end":{"line":22,"column":61}}],"line":22},"6":{"loc":{"start":{"line":31,"column":4},"end":{"line":41,"column":5}},"type":"if","locations":[{"start":{"line":31,"column":4},"end":{"line":41,"column":5}},{"start":{"line":31,"column":4},"end":{"line":41,"column":5}}],"line":31},"7":{"loc":{"start":{"line":32,"column":6},"end":{"line":40,"column":7}},"type":"if","locations":[{"start":{"line":32,"column":6},"end":{"line":40,"column":7}},{"start":{"line":32,"column":6},"end":{"line":40,"column":7}}],"line":32},"8":{"loc":{"start":{"line":45,"column":19},"end":{"line":45,"column":69}},"type":"cond-expr","locations":[{"start":{"line":45,"column":32},"end":{"line":45,"column":46}},{"start":{"line":45,"column":49},"end":{"line":45,"column":69}}],"line":45},"9":{"loc":{"start":{"line":62,"column":6},"end":{"line":64,"column":7}},"type":"if","locations":[{"start":{"line":62,"column":6},"end":{"line":64,"column":7}},{"start":{"line":62,"column":6},"end":{"line":64,"column":7}}],"line":62},"10":{"loc":{"start":{"line":73,"column":6},"end":{"line":84,"column":7}},"type":"if","locations":[{"start":{"line":73,"column":6},"end":{"line":84,"column":7}},{"start":{"line":73,"column":6},"end":{"line":84,"column":7}}],"line":73},"11":{"loc":{"start":{"line":73,"column":10},"end":{"line":73,"column":68}},"type":"binary-expr","locations":[{"start":{"line":73,"column":11},"end":{"line":73,"column":39}},{"start":{"line":73,"column":44},"end":{"line":73,"column":68}}],"line":73},"12":{"loc":{"start":{"line":75,"column":8},"end":{"line":83,"column":9}},"type":"if","locations":[{"start":{"line":75,"column":8},"end":{"line":83,"column":9}},{"start":{"line":75,"column":8},"end":{"line":83,"column":9}}],"line":75},"13":{"loc":{"start":{"line":75,"column":12},"end":{"line":75,"column":67}},"type":"binary-expr","locations":[{"start":{"line":75,"column":12},"end":{"line":75,"column":40}},{"start":{"line":75,"column":44},"end":{"line":75,"column":67}}],"line":75},"14":{"loc":{"start":{"line":79,"column":10},"end":{"line":82,"column":11}},"type":"if","locations":[{"start":{"line":79,"column":10},"end":{"line":82,"column":11}},{"start":{"line":79,"column":10},"end":{"line":82,"column":11}}],"line":79},"15":{"loc":{"start":{"line":89,"column":8},"end":{"line":91,"column":9}},"type":"if","locations":[{"start":{"line":89,"column":8},"end":{"line":91,"column":9}},{"start":{"line":89,"column":8},"end":{"line":91,"column":9}}],"line":89}},"s":{"0":9,"1":9,"2":6,"3":13,"4":13,"5":13,"6":13,"7":13,"8":13,"9":4,"10":1,"11":1,"12":1,"13":3,"14":3,"15":3,"16":12,"17":12,"18":12,"19":12,"20":9,"21":9,"22":9,"23":9,"24":9,"25":6,"26":0,"27":6,"28":6,"29":6,"30":6,"31":6,"32":6,"33":6,"34":6,"35":6,"36":6,"37":6,"38":6,"39":6,"40":6,"41":6,"42":6,"43":6,"44":0,"45":6,"46":6,"47":6,"48":3,"49":3,"50":3,"51":3,"52":0,"53":2,"54":2,"55":2,"56":2,"57":2},"f":{"0":9,"1":6,"2":13,"3":13,"4":12,"5":9,"6":6,"7":3,"8":3,"9":0},"b":{"0":[0],"1":[0],"2":[6],"3":[13],"4":[13],"5":[13],"6":[4,9],"7":[1,3],"8":[11,1],"9":[0,6],"10":[6,0],"11":[6,6],"12":[6,0],"13":[6,6],"14":[6,0],"15":[0,6]},"_coverageSchema":"1a1c01bbd47fc00a2c39e90264f33305004495a9","hash":"1dd5100032a332340d0a5fbbd8bae8e9afe704e0"}
}
