{"C:\\Users\\alide\\OneDrive\\桌面\\livehd\\jops\\jops.js": {"path":"C:\\Users\\alide\\OneDrive\\桌面\\livehd\\jops\\jops.js","statementMap":{"0":{"start":{"line":25,"column":24},"end":{"line":31,"column":105}},"1":{"start":{"line":33,"column":23},"end":{"line":41,"column":99}},"2":{"start":{"line":43,"column":4},"end":{"line":43,"column":24}},"3":{"start":{"line":44,"column":4},"end":{"line":44,"column":30}},"4":{"start":{"line":45,"column":4},"end":{"line":45,"column":18}},"5":{"start":{"line":46,"column":4},"end":{"line":46,"column":17}},"6":{"start":{"line":47,"column":4},"end":{"line":47,"column":22}},"7":{"start":{"line":51,"column":4},"end":{"line":59,"column":5}},"8":{"start":{"line":52,"column":6},"end":{"line":52,"column":32}},"9":{"start":{"line":53,"column":6},"end":{"line":53,"column":20}},"10":{"start":{"line":54,"column":6},"end":{"line":54,"column":19}},"11":{"start":{"line":56,"column":6},"end":{"line":56,"column":32}},"12":{"start":{"line":57,"column":6},"end":{"line":57,"column":29}},"13":{"start":{"line":58,"column":6},"end":{"line":58,"column":48}},"14":{"start":{"line":65,"column":19},"end":{"line":65,"column":69}},"15":{"start":{"line":66,"column":25},"end":{"line":66,"column":41}},"16":{"start":{"line":67,"column":6},"end":{"line":67,"column":54}},"17":{"start":{"line":68,"column":6},"end":{"line":68,"column":35}},"18":{"start":{"line":76,"column":14},"end":{"line":76,"column":48}},"19":{"start":{"line":77,"column":0},"end":{"line":77,"column":71}},"20":{"start":{"line":78,"column":0},"end":{"line":78,"column":48}},"21":{"start":{"line":80,"column":0},"end":{"line":80,"column":24}}},"fnMap":{"0":{"name":"(anonymous_0)","decl":{"start":{"line":42,"column":2},"end":{"line":42,"column":3}},"loc":{"start":{"line":42,"column":22},"end":{"line":48,"column":3}},"line":42},"1":{"name":"(anonymous_1)","decl":{"start":{"line":50,"column":2},"end":{"line":50,"column":3}},"loc":{"start":{"line":50,"column":15},"end":{"line":60,"column":3}},"line":50},"2":{"name":"(anonymous_2)","decl":{"start":{"line":64,"column":4},"end":{"line":64,"column":5}},"loc":{"start":{"line":64,"column":33},"end":{"line":69,"column":5}},"line":64}},"branchMap":{"0":{"loc":{"start":{"line":51,"column":4},"end":{"line":59,"column":5}},"type":"if","locations":[{"start":{"line":51,"column":4},"end":{"line":59,"column":5}},{"start":{"line":51,"column":4},"end":{"line":59,"column":5}}],"line":51},"1":{"loc":{"start":{"line":65,"column":19},"end":{"line":65,"column":69}},"type":"cond-expr","locations":[{"start":{"line":65,"column":32},"end":{"line":65,"column":46}},{"start":{"line":65,"column":49},"end":{"line":65,"column":69}}],"line":65}},"s":{"0":1,"1":1,"2":5,"3":5,"4":5,"5":5,"6":5,"7":5,"8":1,"9":1,"10":1,"11":4,"12":4,"13":4,"14":4,"15":4,"16":4,"17":4,"18":1,"19":1,"20":1,"21":1},"f":{"0":5,"1":5,"2":4},"b":{"0":[1,4],"1":[3,1]},"_coverageSchema":"1a1c01bbd47fc00a2c39e90264f33305004495a9","hash":"8fcc413b58f57ad9a436ea716f6f6fcc8a420b42"}
}
