TN:
SF:jops.js
FN:9,BigIntnumberConversion
FN:15,isDigit
FN:22,(anonymous_2)
FN:30,(anonymous_3)
FN:44,(anonymous_4)
FN:51,(anonymous_5)
FN:60,(anonymous_6)
FN:101,(anonymous_7)
FN:108,(anonymous_8)
FN:112,(anonymous_9)
FNF:10
FNH:9
FNDA:9,BigIntnumberConversion
FNDA:6,isDigit
FNDA:13,(anonymous_2)
FNDA:13,(anonymous_3)
FNDA:12,(anonymous_4)
FNDA:9,(anonymous_5)
FNDA:6,(anonymous_6)
FNDA:3,(anonymous_7)
FNDA:3,(anonymous_8)
FNDA:0,(anonymous_9)
DA:10,9
DA:12,9
DA:16,6
DA:23,13
DA:24,13
DA:25,13
DA:26,13
DA:27,13
DA:31,13
DA:32,4
DA:33,1
DA:34,1
DA:35,1
DA:37,3
DA:38,3
DA:39,3
DA:45,12
DA:46,12
DA:47,12
DA:48,12
DA:52,9
DA:53,9
DA:54,9
DA:55,9
DA:56,9
DA:62,6
DA:63,0
DA:66,6
DA:68,6
DA:69,6
DA:70,6
DA:73,6
DA:74,6
DA:75,6
DA:76,6
DA:77,6
DA:79,6
DA:80,6
DA:81,6
DA:86,6
DA:87,6
DA:88,6
DA:89,6
DA:90,0
DA:92,6
DA:94,6
DA:97,6
DA:102,3
DA:103,3
DA:109,3
DA:110,3
DA:113,0
DA:127,2
DA:128,2
DA:129,2
DA:130,2
DA:131,2
LF:57
LH:54
BRDA:9,0,0,0
BRDA:9,1,0,0
BRDA:9,2,0,6
BRDA:22,3,0,13
BRDA:22,4,0,13
BRDA:22,5,0,13
BRDA:31,6,0,4
BRDA:31,6,1,9
BRDA:32,7,0,1
BRDA:32,7,1,3
BRDA:45,8,0,11
BRDA:45,8,1,1
BRDA:62,9,0,0
BRDA:62,9,1,6
BRDA:73,10,0,6
BRDA:73,10,1,0
BRDA:73,11,0,6
BRDA:73,11,1,6
BRDA:75,12,0,6
BRDA:75,12,1,0
BRDA:75,13,0,6
BRDA:75,13,1,6
BRDA:79,14,0,6
BRDA:79,14,1,0
BRDA:89,15,0,0
BRDA:89,15,1,6
BRF:26
BRH:19
end_of_record
