TN:
SF:jops.js
FN:11,BigIntnumberConversion
FN:17,isDigit
FN:24,(anonymous_2)
FN:32,(anonymous_3)
FN:46,(anonymous_4)
FN:52,(anonymous_5)
FN:61,(anonymous_6)
FN:103,(anonymous_7)
FN:110,(anonymous_8)
FN:114,(anonymous_9)
FNF:10
FNH:9
FNDA:236,BigIntnumberConversion
FNDA:9,isDigit
FNDA:17,(anonymous_2)
FNDA:17,(anonymous_3)
FNDA:16,(anonymous_4)
FNDA:13,(anonymous_5)
FNDA:9,(anonymous_6)
FNDA:4,(anonymous_7)
FNDA:4,(anonymous_8)
FNDA:0,(anonymous_9)
DA:12,236
DA:14,236
DA:18,9
DA:25,17
DA:26,17
DA:27,17
DA:28,17
DA:29,17
DA:33,17
DA:34,4
DA:35,1
DA:36,1
DA:37,1
DA:39,3
DA:40,3
DA:41,3
DA:47,16
DA:48,16
DA:49,16
DA:53,13
DA:54,13
DA:55,13
DA:56,13
DA:57,13
DA:63,9
DA:64,0
DA:67,9
DA:69,9
DA:70,9
DA:71,9
DA:74,9
DA:75,9
DA:76,9
DA:77,9
DA:78,9
DA:80,9
DA:81,9
DA:82,9
DA:87,9
DA:88,9
DA:90,9
DA:91,258
DA:92,22
DA:94,236
DA:96,236
DA:99,9
DA:104,4
DA:105,4
DA:111,4
DA:112,4
DA:115,0
DA:122,2
DA:123,2
DA:124,2
DA:125,2
DA:126,2
LF:56
LH:54
BRDA:11,0,0,0
BRDA:11,1,0,0
BRDA:11,2,0,236
BRDA:24,3,0,17
BRDA:24,4,0,17
BRDA:24,5,0,17
BRDA:33,6,0,4
BRDA:33,6,1,13
BRDA:34,7,0,1
BRDA:34,7,1,3
BRDA:47,8,0,15
BRDA:47,8,1,1
BRDA:63,9,0,0
BRDA:63,9,1,9
BRDA:74,10,0,9
BRDA:74,10,1,0
BRDA:74,11,0,9
BRDA:74,11,1,9
BRDA:76,12,0,9
BRDA:76,12,1,0
BRDA:76,13,0,9
BRDA:76,13,1,9
BRDA:80,14,0,9
BRDA:80,14,1,0
BRDA:91,15,0,22
BRDA:91,15,1,236
BRF:26
BRH:20
end_of_record
